<?xml version="1.0" encoding="UTF-8"?>
<!-- Generated by org.testng.reporters.JUnitReportReporter -->
<testsuite hostname="LAPTOP-9E66PN5I" failures="0" tests="1" name="tests.InvalidTest" time="37.167" errors="0" timestamp="2025-03-21T20:10:27 IST" skipped="0">
  <testcase classname="tests.InvalidTest" name="testCreateAccountWithInvalidCredentials" time="37.167"/>
</testsuite> <!-- tests.InvalidTest -->
