<?xml version="1.0" encoding="UTF-8"?>
<!-- Generated by org.testng.reporters.JUnitReportReporter -->
<testsuite hostname="LAPTOP-9E66PN5I" failures="0" tests="1" name="tests.Logout" time="60.080" errors="0" timestamp="2025-03-24T17:51:58 IST" skipped="0">
  <testcase classname="tests.Logout" name="testAddRandomWomenHoodiesToCartAndCheckout" time="60.080"/>
</testsuite> <!-- tests.Logout -->
