<?xml version="1.0" encoding="UTF-8"?>
<!-- Generated by org.testng.reporters.JUnitReportReporter -->
<testsuite hostname="LAPTOP-9E66PN5I" failures="0" tests="1" name="tests.CreateAnAccount" time="16.602" errors="0" timestamp="2025-03-22T11:52:05 IST" skipped="0">
  <testcase classname="tests.CreateAnAccount" name="testAccountCreation" time="16.602"/>
</testsuite> <!-- tests.CreateAnAccount -->
