<?xml version="1.0" encoding="UTF-8"?>
<!-- Generated by org.testng.reporters.JUnitReportReporter -->
<testsuite hostname="LAPTOP-9E66PN5I" failures="0" tests="1" name="tests.CreateAnAccount" time="15.077" errors="0" timestamp="2025-03-23T20:30:01 IST" skipped="0">
  <testcase classname="tests.CreateAnAccount" name="testAccountCreation" time="15.077"/>
</testsuite> <!-- tests.CreateAnAccount -->
