<?xml version="1.0" encoding="UTF-8"?>
<!-- Generated by org.testng.reporters.JUnitReportReporter -->
<testsuite hostname="LAPTOP-9E66PN5I" failures="0" tests="1" name="tests.ProceedtoCheckout" time="33.049" errors="0" timestamp="2025-03-24T15:55:53 IST" skipped="0">
  <testcase classname="tests.ProceedtoCheckout" name="testAddToCartAndProceedToCheckout" time="33.049"/>
</testsuite> <!-- tests.ProceedtoCheckout -->
