<?xml version="1.0" encoding="UTF-8"?>
<!-- Generated by org.testng.reporters.JUnitReportReporter -->
<testsuite hostname="LAPTOP-9E66PN5I" failures="0" tests="1" name="tests.MultipleProducts" time="33.835" errors="0" timestamp="2025-03-25T10:14:39 IST" skipped="0">
  <testcase classname="tests.MultipleProducts" name="testAddRandomWomenHoodiesToCartAndCheckout" time="33.835"/>
</testsuite> <!-- tests.MultipleProducts -->
