<?xml version="1.0" encoding="UTF-8"?>
<!-- Generated by org.testng.reporters.JUnitReportReporter -->
<testsuite hostname="LAPTOP-9E66PN5I" failures="0" tests="1" name="Runner.invalidRunner" time="10.225" errors="0" timestamp="2025-03-26T13:04:02 IST" skipped="0">
  <testcase classname="Runner.invalidRunner" name="runScenario" time="10.225"/>
</testsuite> <!-- Runner.invalidRunner -->
