<?xml version="1.0" encoding="UTF-8"?>
<!-- Generated by org.testng.reporters.JUnitReportReporter -->
<testsuite hostname="LAPTOP-9E66PN5I" failures="0" tests="1" name="tests.CreateAccountTest" time="32.035" errors="0" timestamp="2025-03-21T19:52:14 IST" skipped="0">
  <testcase classname="tests.CreateAccountTest" name="testCreateAccountWithInvalidCredentials" time="32.035"/>
</testsuite> <!-- tests.CreateAccountTest -->
