<?xml version="1.0" encoding="UTF-8"?>
<!-- Generated by org.testng.reporters.JUnitReportReporter -->
<testsuite hostname="LAPTOP-9E66PN5I" failures="0" tests="2" name="tests.MagentoTest" time="7.505" errors="0" timestamp="2025-03-22T11:52:05 IST" skipped="0">
  <testcase classname="tests.MagentoTest" name="testLogin" time="2.832"/>
  <testcase classname="tests.MagentoTest" name="testAddToCart" time="4.673"/>
</testsuite> <!-- tests.MagentoTest -->
