<?xml version="1.0" encoding="UTF-8"?>
<!-- Generated by org.testng.reporters.JUnitReportReporter -->
<testsuite hostname="LAPTOP-9E66PN5I" failures="0" tests="1" name="Runner.invalidRunner" time="8.387" errors="0" timestamp="2025-03-23T20:30:01 IST" skipped="0">
  <testcase classname="Runner.invalidRunner" name="runScenario" time="8.387"/>
</testsuite> <!-- Runner.invalidRunner -->
