<?xml version="1.0" encoding="UTF-8"?>
<!-- Generated by org.testng.reporters.JUnitReportReporter -->
<testsuite hostname="LAPTOP-9E66PN5I" failures="0" tests="1" name="tests.LoginAndAddToCartTest" time="109.286" errors="0" timestamp="2025-03-19T21:04:33 IST" skipped="0">
  <testcase classname="tests.LoginAndAddToCartTest" name="loginAndAddToCart" time="109.286"/>
</testsuite> <!-- tests.LoginAndAddToCartTest -->
