<?xml version="1.0" encoding="UTF-8"?>
<!-- Generated by org.testng.reporters.JUnitReportReporter -->
<testsuite hostname="LAPTOP-9E66PN5I" failures="0" tests="2" name="tests.LoginTest" time="3.538" errors="0" timestamp="2025-03-22T11:52:05 IST" skipped="1">
  <testcase classname="tests.LoginTest" name="testValidLogin" time="3.538"/>
  <testcase classname="tests.LoginTest" name="testInvalidLogin">
    <skipped/>
  </testcase> <!-- testInvalidLogin -->
</testsuite> <!-- tests.LoginTest -->
