<?xml version="1.0" encoding="UTF-8"?>
<!-- Generated by org.testng.reporters.JUnitReportReporter -->
<testsuite hostname="LAPTOP-9E66PN5I" failures="0" tests="1" name="tests.InvalidTest" time="15.222" errors="0" timestamp="2025-03-22T15:27:36 IST" skipped="0">
  <testcase classname="tests.InvalidTest" name="testCreateAccountWithInvalidCredentials" time="15.222"/>
</testsuite> <!-- tests.InvalidTest -->
