<?xml version="1.0" encoding="UTF-8"?>
<!-- Generated by org.testng.reporters.JUnitReportReporter -->
<testsuite hostname="LAPTOP-9E66PN5I" failures="0" tests="8" name="tests.Shopping" time="47.015" errors="0" timestamp="2025-03-26T13:04:02 IST" skipped="0">
  <testcase classname="tests.Shopping" name="user_searches_for_women_s_hoodies_and_sweatshirts" time="5.098"/>
  <testcase classname="tests.Shopping" name="user_adds_products_to_cart" time="18.051"/>
  <testcase classname="tests.Shopping" name="user_views_and_edits_cart" time="3.699"/>
  <testcase classname="tests.Shopping" name="user_removes_product_from_cart" time="3.558"/>
  <testcase classname="tests.Shopping" name="user_proceeds_to_checkout" time="4.043"/>
  <testcase classname="tests.Shopping" name="user_enters_shipping_details" time="3.612"/>
  <testcase classname="tests.Shopping" name="user_places_the_order" time="7.378"/>
  <testcase classname="tests.Shopping" name="user_logs_out" time="1.576"/>
</testsuite> <!-- tests.Shopping -->
