<?xml version="1.0" encoding="UTF-8"?>
<!-- Generated by org.testng.reporters.JUnitReportReporter -->
<testsuite hostname="LAPTOP-9E66PN5I" failures="0" tests="2" name="tests.LoginTest" time="4.240" errors="0" timestamp="2025-03-23T20:30:01 IST" skipped="1">
  <testcase classname="tests.LoginTest" name="testValidLogin" time="4.240"/>
  <testcase classname="tests.LoginTest" name="testInvalidLogin">
    <skipped/>
  </testcase> <!-- testInvalidLogin -->
</testsuite> <!-- tests.LoginTest -->
