<?xml version="1.0" encoding="UTF-8"?>
<!-- Generated by org.testng.reporters.JUnitReportReporter -->
<testsuite hostname="LAPTOP-9E66PN5I" failures="0" tests="1" name="tests.WomenHoodiesTest" time="0.309" errors="0" timestamp="2025-03-20T09:09:58 IST" skipped="0">
  <testcase classname="tests.WomenHoodiesTest" name="testAddHoodieToCart" time="0.309"/>
</testsuite> <!-- tests.WomenHoodiesTest -->
