<?xml version="1.0" encoding="UTF-8"?>
<!-- Generated by org.testng.reporters.JUnitReportReporter -->
<testsuite hostname="LAPTOP-9E66PN5I" failures="0" tests="2" name="tests.MagentoTest" time="6.982" errors="0" timestamp="2025-03-26T13:04:02 IST" skipped="0">
  <testcase classname="tests.MagentoTest" name="testAddToCart" time="3.761"/>
  <testcase classname="tests.MagentoTest" name="testLogin" time="3.221"/>
</testsuite> <!-- tests.MagentoTest -->
