<?xml version="1.0" encoding="UTF-8"?>
<!-- Generated by org.testng.reporters.JUnitReportReporter -->
<testsuite hostname="LAPTOP-9E66PN5I" failures="0" tests="1" name="tests.LoginAndAddHoodieToCartTest" time="21.198" errors="0" timestamp="2025-03-19T21:44:05 IST" skipped="0">
  <testcase classname="tests.LoginAndAddHoodieToCartTest" name="loginAndAddHoodieToCart" time="21.198"/>
</testsuite> <!-- tests.LoginAndAddHoodieToCartTest -->
