<?xml version="1.0" encoding="UTF-8"?>
<!-- Generated by org.testng.reporters.JUnitReportReporter -->
<testsuite hostname="LAPTOP-9E66PN5I" failures="0" tests="2" name="tests.MagentoTest" time="10.313" errors="0" timestamp="2025-03-21T20:15:41 IST" skipped="0">
  <testcase classname="tests.MagentoTest" name="testAddToCart" time="5.302"/>
  <testcase classname="tests.MagentoTest" name="testLogin" time="5.011"/>
</testsuite> <!-- tests.MagentoTest -->
