<?xml version="1.0" encoding="UTF-8"?>
<!-- Generated by org.testng.reporters.JUnitReportReporter -->
<testsuite hostname="LAPTOP-9E66PN5I" failures="0" tests="1" name="tests.AddHoodieToCartTest" time="18.509" errors="0" timestamp="2025-03-19T21:53:46 IST" skipped="0">
  <testcase classname="tests.AddHoodieToCartTest" name="loginAndAddHoodieToCart" time="18.509"/>
</testsuite> <!-- tests.AddHoodieToCartTest -->
