<?xml version="1.0" encoding="UTF-8"?>
<!-- Generated by org.testng.reporters.JUnitReportReporter -->
<testsuite hostname="LAPTOP-9E66PN5I" failures="0" tests="1" name="tests.DeleteProduct" time="21.131" errors="0" timestamp="2025-03-24T11:04:48 IST" skipped="0">
  <testcase classname="tests.DeleteProduct" name="testAddToCartandRemove" time="21.131"/>
</testsuite> <!-- tests.DeleteProduct -->
