<?xml version="1.0" encoding="UTF-8"?>
<!-- Generated by org.testng.reporters.JUnitReportReporter -->
<testsuite hostname="LAPTOP-9E66PN5I" failures="0" tests="1" name="Runner.invalidRunner" time="11.735" errors="0" timestamp="2025-03-22T17:55:15 IST" skipped="0">
  <testcase classname="Runner.invalidRunner" name="runScenario" time="11.735"/>
</testsuite> <!-- Runner.invalidRunner -->
